0 info it worked if it ends with ok
1 verbose cli [ 'node', '/usr/local/bin/npm', 'publish' ]
2 info using npm@1.4.28
3 info using node@v0.10.35
4 verbose publish [ '.' ]
5 verbose cache add [ '.', null ]
6 verbose cache add name=undefined spec="." args=[".",null]
7 verbose parsed url { protocol: null,
7 verbose parsed url   slashes: null,
7 verbose parsed url   auth: null,
7 verbose parsed url   host: null,
7 verbose parsed url   port: null,
7 verbose parsed url   hostname: null,
7 verbose parsed url   hash: null,
7 verbose parsed url   search: null,
7 verbose parsed url   query: null,
7 verbose parsed url   pathname: '.',
7 verbose parsed url   path: '.',
7 verbose parsed url   href: '.' }
8 silly lockFile 3a52ce78- .
9 verbose lock . /Users/zooble/.npm/3a52ce78-.lock
10 verbose tar pack [ '/Users/zooble/.npm/fis-zoo/1.0.0/package.tgz', '.' ]
11 verbose tarball /Users/zooble/.npm/fis-zoo/1.0.0/package.tgz
12 verbose folder .
13 info prepublish fis-zoo@1.0.0
14 silly lockFile 1f1177db-tar tar://.
15 verbose lock tar://. /Users/zooble/.npm/1f1177db-tar.lock
16 silly lockFile 4547c2e0-le-npm-fis-zoo-1-0-0-package-tgz tar:///Users/zooble/.npm/fis-zoo/1.0.0/package.tgz
17 verbose lock tar:///Users/zooble/.npm/fis-zoo/1.0.0/package.tgz /Users/zooble/.npm/4547c2e0-le-npm-fis-zoo-1-0-0-package-tgz.lock
18 silly lockFile 1f1177db-tar tar://.
19 silly lockFile 1f1177db-tar tar://.
20 silly lockFile 4547c2e0-le-npm-fis-zoo-1-0-0-package-tgz tar:///Users/zooble/.npm/fis-zoo/1.0.0/package.tgz
21 silly lockFile 4547c2e0-le-npm-fis-zoo-1-0-0-package-tgz tar:///Users/zooble/.npm/fis-zoo/1.0.0/package.tgz
22 silly lockFile b13e892e-zooble-npm-fis-zoo-1-0-0-package /Users/zooble/.npm/fis-zoo/1.0.0/package
23 verbose lock /Users/zooble/.npm/fis-zoo/1.0.0/package /Users/zooble/.npm/b13e892e-zooble-npm-fis-zoo-1-0-0-package.lock
24 silly lockFile b13e892e-zooble-npm-fis-zoo-1-0-0-package /Users/zooble/.npm/fis-zoo/1.0.0/package
25 silly lockFile b13e892e-zooble-npm-fis-zoo-1-0-0-package /Users/zooble/.npm/fis-zoo/1.0.0/package
26 silly lockFile 3a52ce78- .
27 silly lockFile 3a52ce78- .
28 silly publish { name: 'fis-zoo',
28 silly publish   version: '1.0.0',
28 silly publish   description: 'A front-end module solution with modjs based on fis',
28 silly publish   main: 'index.js',
28 silly publish   bin: { zoo: 'bin/zoo', 'fis-zoo': 'bin/zoo' },
28 silly publish   scripts: { test: 'no test' },
28 silly publish   repository: { type: 'git', url: 'https://github.com/xwenliang/fis-zoo.git' },
28 silly publish   keywords: [ 'fis', 'fis-zoo' ],
28 silly publish   author: { name: 'zooble' },
28 silly publish   license: 'BSD',
28 silly publish   bugs: { url: 'https://github.com/xwenliang/fis-zoo/issues' },
28 silly publish   homepage: 'https://github.com/xwenliang/fis-zoo',
28 silly publish   readme: '#fis-zoo\n基于FIS的前端模块化解决方案\n',
28 silly publish   readmeFilename: 'README.md',
28 silly publish   gitHead: '581525e1e179e7a023e477cdd7ba7d36271905d0',
28 silly publish   _id: 'fis-zoo@1.0.0',
28 silly publish   _shasum: '49875f5210661654cd56508c044a1eb01e36addd',
28 silly publish   _from: '.' }
29 verbose request where is /fis-zoo
30 verbose request registry https://registry.npmjs.org/
31 verbose request id d8ced2766f659d55
32 verbose url raw /fis-zoo
33 verbose url resolving [ 'https://registry.npmjs.org/', './fis-zoo' ]
34 verbose url resolved https://registry.npmjs.org/fis-zoo
35 verbose request where is https://registry.npmjs.org/fis-zoo
36 info trying registry request attempt 1 at 01:25:00
37 http PUT https://registry.npmjs.org/fis-zoo
38 http 403 https://registry.npmjs.org/fis-zoo
39 verbose headers { date: 'Fri, 13 Mar 2015 17:25:00 GMT',
39 verbose headers   server: 'CouchDB/1.5.0 (Erlang OTP/R16B03)',
39 verbose headers   'content-type': 'application/json',
39 verbose headers   'cache-control': 'max-age=60',
39 verbose headers   'content-length': '2181',
39 verbose headers   'accept-ranges': 'bytes',
39 verbose headers   via: '1.1 varnish',
39 verbose headers   'x-served-by': 'cache-nrt6128-NRT',
39 verbose headers   'x-cache': 'MISS',
39 verbose headers   'x-cache-hits': '0',
39 verbose headers   'x-timer': 'S1426267500.637802,VS0,VE105',
39 verbose headers   'keep-alive': 'timeout=10, max=50',
39 verbose headers   connection: 'Keep-Alive' }
40 error publish Failed PUT 403
41 error Error: forbidden cannot modify pre-existing version: 1.0.0
41 error old={"name":"fis-zoo","version":"1.0.0","description":"A front-end module solution with modjs based on fis","main":"index.js","bin":{"zoo":"bin/zoo","fis-zoo":"bin/zoo"},"scripts":{"test":"no test"},"repository":{"type":"git","url":"https://github.com/xwenliang/fis-zoo.git"},"keywords":["fis","fis-zoo"],"author":{"name":"zooble"},"license":"BSD","bugs":{"url":"https://github.com/xwenliang/fis-zoo/issues"},"homepage":"https://github.com/xwenliang/fis-zoo","gitHead":"581525e1e179e7a023e477cdd7ba7d36271905d0","_id":"fis-zoo@1.0.0","_shasum":"49875f5210661654cd56508c044a1eb01e36addd","_from":".","_npmVersion":"1.4.28","_npmUser":{"name":"zooble","email":"wenliang.web@gmail.com"},"maintainers":[{"name":"zooble","email":"wenliang.web@gmail.com"}],"dist":{"shasum":"49875f5210661654cd56508c044a1eb01e36addd","tarball":"http://registry.npmjs.org/fis-zoo/-/fis-zoo-1.0.0.tgz"}}
41 error new={"name":"fis-zoo","version":"1.0.0","description":"A front-end module solution with modjs based on fis","main":"index.js","bin":{"zoo":"bin/zoo","fis-zoo":"bin/zoo"},"scripts":{"test":"no test"},"repository":{"type":"git","url":"https://github.com/xwenliang/fis-zoo.git"},"keywords":["fis","fis-zoo"],"author":{"name":"zooble"},"license":"BSD","bugs":{"url":"https://github.com/xwenliang/fis-zoo/issues"},"homepage":"https://github.com/xwenliang/fis-zoo","readme":"#fis-zoo\u000a基于FIS的前端模块化解决方案\u000a","readmeFilename":"README.md","gitHead":"581525e1e179e7a023e477cdd7ba7d36271905d0","_id":"fis-zoo@1.0.0","_shasum":"49875f5210661654cd56508c044a1eb01e36addd","_from":".","_npmVersion":"1.4.28","_npmUser":{"name":"zooble","email":"wenliang.web@gmail.com"},"maintainers":[{"name":"zooble","email":"wenliang.web@gmail.com"}],"dist":{"shasum":"49875f5210661654cd56508c044a1eb01e36addd","tarball":"http://registry.npmjs.org/fis-zoo/-/fis-zoo-1.0.0.tgz"}}: fis-zoo
41 error     at RegClient.<anonymous> (/usr/local/lib/node_modules/npm/node_modules/npm-registry-client/lib/request.js:308:14)
41 error     at Request._callback (/usr/local/lib/node_modules/npm/node_modules/npm-registry-client/lib/request.js:246:65)
41 error     at Request.self.callback (/usr/local/lib/node_modules/npm/node_modules/request/request.js:236:22)
41 error     at Request.emit (events.js:98:17)
41 error     at Request.<anonymous> (/usr/local/lib/node_modules/npm/node_modules/request/request.js:1142:14)
41 error     at Request.emit (events.js:117:20)
41 error     at IncomingMessage.<anonymous> (/usr/local/lib/node_modules/npm/node_modules/request/request.js:1096:12)
41 error     at IncomingMessage.emit (events.js:117:20)
41 error     at _stream_readable.js:944:16
41 error     at process._tickCallback (node.js:442:13)
42 error If you need help, you may report this *entire* log,
42 error including the npm and node versions, at:
42 error     <http://github.com/npm/npm/issues>
43 error System Darwin 14.0.0
44 error command "node" "/usr/local/bin/npm" "publish"
45 error cwd /Users/zooble/Documents/case/github/fis-zoo
46 error node -v v0.10.35
47 error npm -v 1.4.28
48 verbose exit [ 1, true ]
